Analysis & Synthesis report for Clean_Babe
Wed Feb 19 12:41:43 2025
Quartus Prime Version 20.1.1 Build 720 11/11/2020 SJ Lite Edition


---------------------
; Table of Contents ;
---------------------
  1. Legal Notice
  2. Analysis & Synthesis Summary
  3. Analysis & Synthesis Settings
  4. Parallel Compilation
  5. Analysis & Synthesis Messages
  6. Analysis & Synthesis Suppressed Messages



----------------
; Legal Notice ;
----------------
Copyright (C) 2020  Intel Corporation. All rights reserved.
Your use of Intel Corporation's design tools, logic functions 
and other software and tools, and any partner logic 
functions, and any output files from any of the foregoing 
(including device programming or simulation files), and any 
associated documentation or information are expressly subject 
to the terms and conditions of the Intel Program License 
Subscription Agreement, the Intel Quartus Prime License Agreement,
the Intel FPGA IP License Agreement, or other applicable license
agreement, including, without limitation, that your use is for
the sole purpose of programming logic devices manufactured by
Intel and sold by Intel or its authorized distributors.  Please
refer to the applicable agreement for further details, at
https://fpgasoftware.intel.com/eula.



+----------------------------------------------------------------------------------+
; Analysis & Synthesis Summary                                                     ;
+------------------------------------+---------------------------------------------+
; Analysis & Synthesis Status        ; Failed - Wed Feb 19 12:41:43 2025           ;
; Quartus Prime Version              ; 20.1.1 Build 720 11/11/2020 SJ Lite Edition ;
; Revision Name                      ; Clean_Babe                                  ;
; Top-level Entity Name              ; Clean_Babe                                  ;
; Family                             ; Cyclone IV E                                ;
; Total logic elements               ; N/A until Partition Merge                   ;
;     Total combinational functions  ; N/A until Partition Merge                   ;
;     Dedicated logic registers      ; N/A until Partition Merge                   ;
; Total registers                    ; N/A until Partition Merge                   ;
; Total pins                         ; N/A until Partition Merge                   ;
; Total virtual pins                 ; N/A until Partition Merge                   ;
; Total memory bits                  ; N/A until Partition Merge                   ;
; Embedded Multiplier 9-bit elements ; N/A until Partition Merge                   ;
; Total PLLs                         ; N/A until Partition Merge                   ;
+------------------------------------+---------------------------------------------+


+------------------------------------------------------------------------------------------------------------+
; Analysis & Synthesis Settings                                                                              ;
+------------------------------------------------------------------+--------------------+--------------------+
; Option                                                           ; Setting            ; Default Value      ;
+------------------------------------------------------------------+--------------------+--------------------+
; Device                                                           ; EP4CE22F17C6       ;                    ;
; Top-level entity name                                            ; Clean_Babe         ; Clean_Babe         ;
; Family name                                                      ; Cyclone IV E       ; Cyclone V          ;
; Use smart compilation                                            ; Off                ; Off                ;
; Enable parallel Assembler and Timing Analyzer during compilation ; On                 ; On                 ;
; Enable compact report table                                      ; Off                ; Off                ;
; Restructure Multiplexers                                         ; Auto               ; Auto               ;
; Create Debugging Nodes for IP Cores                              ; Off                ; Off                ;
; Preserve fewer node names                                        ; On                 ; On                 ;
; Intel FPGA IP Evaluation Mode                                    ; Enable             ; Enable             ;
; Verilog Version                                                  ; Verilog_2001       ; Verilog_2001       ;
; VHDL Version                                                     ; VHDL_1993          ; VHDL_1993          ;
; State Machine Processing                                         ; Auto               ; Auto               ;
; Safe State Machine                                               ; Off                ; Off                ;
; Extract Verilog State Machines                                   ; On                 ; On                 ;
; Extract VHDL State Machines                                      ; On                 ; On                 ;
; Ignore Verilog initial constructs                                ; Off                ; Off                ;
; Iteration limit for constant Verilog loops                       ; 5000               ; 5000               ;
; Iteration limit for non-constant Verilog loops                   ; 250                ; 250                ;
; Add Pass-Through Logic to Inferred RAMs                          ; On                 ; On                 ;
; Infer RAMs from Raw Logic                                        ; On                 ; On                 ;
; Parallel Synthesis                                               ; On                 ; On                 ;
; DSP Block Balancing                                              ; Auto               ; Auto               ;
; NOT Gate Push-Back                                               ; On                 ; On                 ;
; Power-Up Don't Care                                              ; On                 ; On                 ;
; Remove Redundant Logic Cells                                     ; Off                ; Off                ;
; Remove Duplicate Registers                                       ; On                 ; On                 ;
; Ignore CARRY Buffers                                             ; Off                ; Off                ;
; Ignore CASCADE Buffers                                           ; Off                ; Off                ;
; Ignore GLOBAL Buffers                                            ; Off                ; Off                ;
; Ignore ROW GLOBAL Buffers                                        ; Off                ; Off                ;
; Ignore LCELL Buffers                                             ; Off                ; Off                ;
; Ignore SOFT Buffers                                              ; On                 ; On                 ;
; Limit AHDL Integers to 32 Bits                                   ; Off                ; Off                ;
; Optimization Technique                                           ; Balanced           ; Balanced           ;
; Carry Chain Length                                               ; 70                 ; 70                 ;
; Auto Carry Chains                                                ; On                 ; On                 ;
; Auto Open-Drain Pins                                             ; On                 ; On                 ;
; Perform WYSIWYG Primitive Resynthesis                            ; Off                ; Off                ;
; Auto ROM Replacement                                             ; On                 ; On                 ;
; Auto RAM Replacement                                             ; On                 ; On                 ;
; Auto DSP Block Replacement                                       ; On                 ; On                 ;
; Auto Shift Register Replacement                                  ; Auto               ; Auto               ;
; Allow Shift Register Merging across Hierarchies                  ; Auto               ; Auto               ;
; Auto Clock Enable Replacement                                    ; On                 ; On                 ;
; Strict RAM Replacement                                           ; Off                ; Off                ;
; Allow Synchronous Control Signals                                ; On                 ; On                 ;
; Force Use of Synchronous Clear Signals                           ; Off                ; Off                ;
; Auto RAM Block Balancing                                         ; On                 ; On                 ;
; Auto RAM to Logic Cell Conversion                                ; Off                ; Off                ;
; Auto Resource Sharing                                            ; Off                ; Off                ;
; Allow Any RAM Size For Recognition                               ; Off                ; Off                ;
; Allow Any ROM Size For Recognition                               ; Off                ; Off                ;
; Allow Any Shift Register Size For Recognition                    ; Off                ; Off                ;
; Use LogicLock Constraints during Resource Balancing              ; On                 ; On                 ;
; Ignore translate_off and synthesis_off directives                ; Off                ; Off                ;
; Timing-Driven Synthesis                                          ; On                 ; On                 ;
; Report Parameter Settings                                        ; On                 ; On                 ;
; Report Source Assignments                                        ; On                 ; On                 ;
; Report Connectivity Checks                                       ; On                 ; On                 ;
; Ignore Maximum Fan-Out Assignments                               ; Off                ; Off                ;
; Synchronization Register Chain Length                            ; 2                  ; 2                  ;
; Power Optimization During Synthesis                              ; Normal compilation ; Normal compilation ;
; HDL message level                                                ; Level2             ; Level2             ;
; Suppress Register Optimization Related Messages                  ; Off                ; Off                ;
; Number of Removed Registers Reported in Synthesis Report         ; 5000               ; 5000               ;
; Number of Swept Nodes Reported in Synthesis Report               ; 5000               ; 5000               ;
; Number of Inverted Registers Reported in Synthesis Report        ; 100                ; 100                ;
; Clock MUX Protection                                             ; On                 ; On                 ;
; Auto Gated Clock Conversion                                      ; Off                ; Off                ;
; Block Design Naming                                              ; Auto               ; Auto               ;
; SDC constraint protection                                        ; Off                ; Off                ;
; Synthesis Effort                                                 ; Auto               ; Auto               ;
; Shift Register Replacement - Allow Asynchronous Clear Signal     ; On                 ; On                 ;
; Pre-Mapping Resynthesis Optimization                             ; Off                ; Off                ;
; Analysis & Synthesis Message Level                               ; Medium             ; Medium             ;
; Disable Register Merging Across Hierarchies                      ; Auto               ; Auto               ;
; Resource Aware Inference For Block RAM                           ; On                 ; On                 ;
+------------------------------------------------------------------+--------------------+--------------------+


+------------------------------------------+
; Parallel Compilation                     ;
+----------------------------+-------------+
; Processors                 ; Number      ;
+----------------------------+-------------+
; Number detected on machine ; 12          ;
; Maximum allowed            ; 12          ;
;                            ;             ;
; Average used               ; 1.00        ;
; Maximum used               ; 1           ;
;                            ;             ;
; Usage by Processor         ; % Time Used ;
;     Processor 1            ; 100.0%      ;
+----------------------------+-------------+


+-------------------------------+
; Analysis & Synthesis Messages ;
+-------------------------------+
Info: *******************************************************************
Info: Running Quartus Prime Analysis & Synthesis
    Info: Version 20.1.1 Build 720 11/11/2020 SJ Lite Edition
    Info: Processing started: Wed Feb 19 12:41:28 2025
Info: Command: quartus_map --read_settings_files=on --write_settings_files=off Clean_Babe -c Clean_Babe
Warning (18236): Number of processors has not been specified which may cause overloading on shared machines.  Set the global assignment NUM_PARALLEL_PROCESSORS in your QSF to an appropriate value for best performance.
Info (20030): Parallel compilation is enabled and will use 12 of the 12 processors detected
Info (12021): Found 1 design units, including 1 entities, in source file world_fsm.v
    Info (12023): Found entity 1: world_FSM File: C:/Users/Anuya/manthan/eyantra/clean_Babe/world_FSM.v Line: 1
Info (12021): Found 1 design units, including 1 entities, in source file uart/reader.v
    Info (12023): Found entity 1: reader File: C:/Users/Anuya/manthan/eyantra/clean_Babe/UART/reader.v Line: 1
Info (12021): Found 1 design units, including 1 entities, in source file color_detection/colordet.v
    Info (12023): Found entity 1: colordet File: C:/Users/Anuya/manthan/eyantra/clean_Babe/COLOR_DETECTION/colordet.v Line: 20
Info (12021): Found 1 design units, including 1 entities, in source file color_detection/color_detection.v
    Info (12023): Found entity 1: color_detection File: C:/Users/Anuya/manthan/eyantra/clean_Babe/COLOR_DETECTION/color_detection.v Line: 9
Warning (10275): Verilog HDL Module Instantiation warning at task4one.v(74): ignored dangling comma in List of Port Connections File: C:/Users/Anuya/manthan/eyantra/clean_Babe/task4one.v Line: 74
Info (12021): Found 1 design units, including 1 entities, in source file task4one.v
    Info (12023): Found entity 1: task4one File: C:/Users/Anuya/manthan/eyantra/clean_Babe/task4one.v Line: 9
Info (12021): Found 1 design units, including 1 entities, in source file freqscaling.v
    Info (12023): Found entity 1: Frequency_Scaling File: C:/Users/Anuya/manthan/eyantra/clean_Babe/freqscaling.v Line: 14
Info (12021): Found 1 design units, including 1 entities, in source file uart/uart_tx.v
    Info (12023): Found entity 1: uart_tx File: C:/Users/Anuya/manthan/eyantra/clean_Babe/UART/uart_tx.v Line: 3
Info (12021): Found 1 design units, including 1 entities, in source file uart/uart_scale.v
    Info (12023): Found entity 1: uart_scale File: C:/Users/Anuya/manthan/eyantra/clean_Babe/UART/uart_scale.v Line: 1
Info (12021): Found 1 design units, including 1 entities, in source file uart/uart_rx.v
    Info (12023): Found entity 1: uart_rx File: C:/Users/Anuya/manthan/eyantra/clean_Babe/UART/uart_rx.v Line: 2
Info (12021): Found 1 design units, including 1 entities, in source file uart/uart_mod.v
    Info (12023): Found entity 1: uart_mod File: C:/Users/Anuya/manthan/eyantra/clean_Babe/UART/uart_mod.v Line: 9
Info (12021): Found 1 design units, including 1 entities, in source file uart/message_formatter.v
    Info (12023): Found entity 1: message_formatter File: C:/Users/Anuya/manthan/eyantra/clean_Babe/UART/message_formatter.v Line: 3
Info (12021): Found 1 design units, including 1 entities, in source file node_finder/ship_master.v
    Info (12023): Found entity 1: ship_master File: C:/Users/Anuya/manthan/eyantra/clean_Babe/NODE_FINDER/ship_master.v Line: 2
Info (12021): Found 1 design units, including 1 entities, in source file node_finder/nodefinder.v
    Info (12023): Found entity 1: nodeFinder File: C:/Users/Anuya/manthan/eyantra/clean_Babe/NODE_FINDER/nodeFinder.v Line: 2
Info (12021): Found 1 design units, including 1 entities, in source file node_finder/interpretor.v
    Info (12023): Found entity 1: interpretor File: C:/Users/Anuya/manthan/eyantra/clean_Babe/NODE_FINDER/interpretor.v Line: 1
Info (12021): Found 1 design units, including 1 entities, in source file lmd/upper_mdr_driver.v
    Info (12023): Found entity 1: motor_driver_upper File: C:/Users/Anuya/manthan/eyantra/clean_Babe/LMD/upper_mdr_driver.v Line: 12
Info (12021): Found 1 design units, including 1 entities, in source file lmd/lower_mdr_driver.v
    Info (12023): Found entity 1: motor_driver_lower File: C:/Users/Anuya/manthan/eyantra/clean_Babe/LMD/lower_mdr_driver.v Line: 9
Info (12021): Found 1 design units, including 1 entities, in source file lmd/lmd.v
    Info (12023): Found entity 1: lmd File: C:/Users/Anuya/manthan/eyantra/clean_Babe/LMD/lmd.v Line: 10
Info (12021): Found 1 design units, including 1 entities, in source file lmd/lfa_assembly.v
    Info (12023): Found entity 1: LFA_asssembly File: C:/Users/Anuya/manthan/eyantra/clean_Babe/LMD/lfa_assembly.v Line: 9
Info (12021): Found 1 design units, including 1 entities, in source file lmd/deviationcontrol.v
    Info (12023): Found entity 1: DeviationControl File: C:/Users/Anuya/manthan/eyantra/clean_Babe/LMD/DeviationControl.v Line: 9
Info (12021): Found 1 design units, including 1 entities, in source file lmd/adc_controller.v
    Info (12023): Found entity 1: ADC_Controller File: C:/Users/Anuya/manthan/eyantra/clean_Babe/LMD/ADC_controller.v Line: 19
Info (12021): Found 1 design units, including 1 entities, in source file led_controller/led_controller.v
    Info (12023): Found entity 1: led_controller File: C:/Users/Anuya/manthan/eyantra/clean_Babe/LED_CONTROLLER/led_controller.v Line: 1
Info (12021): Found 1 design units, including 1 entities, in source file gripper/servo_module.v
    Info (12023): Found entity 1: gripper File: C:/Users/Anuya/manthan/eyantra/clean_Babe/GRIPPER/servo_module.v Line: 1
Info (12021): Found 1 design units, including 1 entities, in source file gripper/ir_sensor.v
    Info (12023): Found entity 1: ir_sensor File: C:/Users/Anuya/manthan/eyantra/clean_Babe/GRIPPER/ir_sensor.v Line: 1
Info (12021): Found 1 design units, including 1 entities, in source file cpu/verilog_programs/t1c_riscv_cpu.v
    Info (12023): Found entity 1: t1c_riscv_cpu File: C:/Users/Anuya/manthan/eyantra/clean_Babe/CPU/Verilog_programs/t1c_riscv_cpu.v Line: 4
Info (12021): Found 1 design units, including 1 entities, in source file cpu/verilog_programs/riscv_cpu.v
    Info (12023): Found entity 1: riscv_cpu File: C:/Users/Anuya/manthan/eyantra/clean_Babe/CPU/Verilog_programs/riscv_cpu.v Line: 4
Info (12021): Found 1 design units, including 1 entities, in source file cpu/verilog_programs/risc_v_wrapper.v
    Info (12023): Found entity 1: RISC_V_Wrapper File: C:/Users/Anuya/manthan/eyantra/clean_Babe/CPU/Verilog_programs/RISC_V_Wrapper.v Line: 1
Info (12021): Found 1 design units, including 1 entities, in source file cpu/verilog_programs/instr_mem.v
    Info (12023): Found entity 1: instr_mem File: C:/Users/Anuya/manthan/eyantra/clean_Babe/CPU/Verilog_programs/instr_mem.v Line: 4
Info (12021): Found 1 design units, including 1 entities, in source file cpu/verilog_programs/data_mem.v
    Info (12023): Found entity 1: data_mem File: C:/Users/Anuya/manthan/eyantra/clean_Babe/CPU/Verilog_programs/data_mem.v Line: 1
Info (12021): Found 1 design units, including 1 entities, in source file cpu/components_clened/components/reset_ff.v
    Info (12023): Found entity 1: reset_ff File: C:/Users/Anuya/manthan/eyantra/clean_Babe/CPU/components_clened/components/reset_ff.v Line: 4
Info (12021): Found 1 design units, including 1 entities, in source file cpu/components_clened/components/reg_file.v
    Info (12023): Found entity 1: reg_file File: C:/Users/Anuya/manthan/eyantra/clean_Babe/CPU/components_clened/components/reg_file.v Line: 8
Info (12021): Found 1 design units, including 1 entities, in source file cpu/components_clened/components/mux4.v
    Info (12023): Found entity 1: mux4 File: C:/Users/Anuya/manthan/eyantra/clean_Babe/CPU/components_clened/components/mux4.v Line: 4
Info (12021): Found 1 design units, including 1 entities, in source file cpu/components_clened/components/mux3.v
    Info (12023): Found entity 1: mux3 File: C:/Users/Anuya/manthan/eyantra/clean_Babe/CPU/components_clened/components/mux3.v Line: 4
Info (12021): Found 1 design units, including 1 entities, in source file cpu/components_clened/components/mux2.v
    Info (12023): Found entity 1: mux2 File: C:/Users/Anuya/manthan/eyantra/clean_Babe/CPU/components_clened/components/mux2.v Line: 4
Info (12021): Found 1 design units, including 1 entities, in source file cpu/components_clened/components/main_decoder.v
    Info (12023): Found entity 1: main_decoder File: C:/Users/Anuya/manthan/eyantra/clean_Babe/CPU/components_clened/components/main_decoder.v Line: 4
Info (12021): Found 1 design units, including 1 entities, in source file cpu/components_clened/components/imm_extend.v
    Info (12023): Found entity 1: imm_extend File: C:/Users/Anuya/manthan/eyantra/clean_Babe/CPU/components_clened/components/imm_extend.v Line: 3
Info (12021): Found 1 design units, including 1 entities, in source file cpu/components_clened/components/datapath.v
    Info (12023): Found entity 1: datapath File: C:/Users/Anuya/manthan/eyantra/clean_Babe/CPU/components_clened/components/datapath.v Line: 3
Info (12021): Found 1 design units, including 1 entities, in source file cpu/components_clened/components/controller.v
    Info (12023): Found entity 1: controller File: C:/Users/Anuya/manthan/eyantra/clean_Babe/CPU/components_clened/components/controller.v Line: 4
Info (12021): Found 1 design units, including 1 entities, in source file cpu/components_clened/components/brancher.v
    Info (12023): Found entity 1: brancher File: C:/Users/Anuya/manthan/eyantra/clean_Babe/CPU/components_clened/components/brancher.v Line: 3
Info (12021): Found 1 design units, including 1 entities, in source file cpu/components_clened/components/alu_decoder.v
    Info (12023): Found entity 1: alu_decoder File: C:/Users/Anuya/manthan/eyantra/clean_Babe/CPU/components_clened/components/alu_decoder.v Line: 4
Info (12021): Found 1 design units, including 1 entities, in source file cpu/components_clened/components/alu.v
    Info (12023): Found entity 1: alu File: C:/Users/Anuya/manthan/eyantra/clean_Babe/CPU/components_clened/components/alu.v Line: 35
Info (12021): Found 1 design units, including 1 entities, in source file cpu/components_clened/components/adder.v
    Info (12023): Found entity 1: adder File: C:/Users/Anuya/manthan/eyantra/clean_Babe/CPU/components_clened/components/adder.v Line: 4
Info (12021): Found 1 design units, including 1 entities, in source file clock_scaler.v
    Info (12023): Found entity 1: clock_scaler File: C:/Users/Anuya/manthan/eyantra/clean_Babe/clock_scaler.v Line: 1
Warning (10236): Verilog HDL Implicit Net warning at color_detection.v(25): created implicit net for "clk_50m" File: C:/Users/Anuya/manthan/eyantra/clean_Babe/COLOR_DETECTION/color_detection.v Line: 25
Warning (10236): Verilog HDL Implicit Net warning at lmd.v(98): created implicit net for "turn_register" File: C:/Users/Anuya/manthan/eyantra/clean_Babe/LMD/lmd.v Line: 98
Warning (10236): Verilog HDL Implicit Net warning at riscv_cpu.v(20): created implicit net for "PCSrc" File: C:/Users/Anuya/manthan/eyantra/clean_Babe/CPU/Verilog_programs/riscv_cpu.v Line: 20
Warning (10236): Verilog HDL Implicit Net warning at main_decoder.v(34): created implicit net for "Branch" File: C:/Users/Anuya/manthan/eyantra/clean_Babe/CPU/components_clened/components/main_decoder.v Line: 34
Warning (10236): Verilog HDL Implicit Net warning at main_decoder.v(34): created implicit net for "Jump" File: C:/Users/Anuya/manthan/eyantra/clean_Babe/CPU/components_clened/components/main_decoder.v Line: 34
Warning (12125): Using design file clean_babe.bdf, which is not specified as a design file for the current project, but contains definitions for 1 design units and 1 entities in project
    Info (12023): Found entity 1: Clean_Babe
Info (12127): Elaborating entity "Clean_Babe" for the top level hierarchy
Error (275023): Width mismatch in led_MI[2..0] -- source is ""led4[3..0]" (ID led_controller:inst1)"
Error (275024): Width mismatch in port "SP[31..0]" of instance "inst8" and type RISC_V_Wrapper -- source is ""node_start[5..0]" (ID ship_master:inst13)"
Error (275024): Width mismatch in port "EP[31..0]" of instance "inst8" and type RISC_V_Wrapper -- source is ""node_id[5..0]" (ID ship_master:inst13)"
Error (275044): Port "start_grip" of type gripper of instance "inst" is missing source signal
Error (275024): Width mismatch in port "stable_color[2..0]" of instance "inst1" and type led_controller -- source is ""Stable_Color[1..0]" (ID color_detection:inst5)"
Error (12153): Can't elaborate top-level user hierarchy
Info (144001): Generated suppressed messages file C:/Users/Anuya/manthan/eyantra/clean_Babe/output_files/Clean_Babe.map.smsg
Error: Quartus Prime Analysis & Synthesis was unsuccessful. 6 errors, 8 warnings
    Error: Peak virtual memory: 4709 megabytes
    Error: Processing ended: Wed Feb 19 12:41:44 2025
    Error: Elapsed time: 00:00:16
    Error: Total CPU time (on all processors): 00:00:37


+------------------------------------------+
; Analysis & Synthesis Suppressed Messages ;
+------------------------------------------+
The suppressed messages can be found in C:/Users/Anuya/manthan/eyantra/clean_Babe/output_files/Clean_Babe.map.smsg.


